[2013-03-31 16:02:46] START
[2013-04-06 19:21:57] EDIT shipra/controllers/default.py: 17
[2013-04-06 19:21:57] EDIT shipra/controllers/default.py: 0
[2013-04-06 19:22:26] CREATE default/get_pdf.html: 0
[2013-04-06 19:23:59] EDIT shipra/controllers/default.py: 9
[2013-04-06 20:00:12] EDIT shipra/controllers/default.py: 6
[2013-04-06 20:01:09] EDIT shipra/controllers/default.py: 0
[2013-04-06 20:01:09] EDIT shipra/controllers/default.py: 0
[2013-04-06 20:01:10] EDIT shipra/controllers/default.py: 0
[2013-04-06 20:01:10] EDIT shipra/controllers/default.py: 0
[2013-04-06 20:01:11] EDIT shipra/controllers/default.py: 0
[2013-04-06 20:01:11] EDIT shipra/controllers/default.py: 0
[2013-04-06 20:01:13] EDIT shipra/controllers/default.py: 0
[2013-04-06 20:02:08] EDIT shipra/controllers/default.py: 0
[2013-04-06 20:02:42] EDIT shipra/controllers/default.py: 0
[2013-04-06 20:02:46] EDIT shipra/controllers/default.py: 0
[2013-04-06 20:03:09] EDIT shipra/controllers/default.py: 0
[2013-04-06 20:03:35] EDIT shipra/controllers/default.py: 0
[2013-04-06 20:04:18] EDIT shipra/controllers/default.py: 0
[2013-04-06 20:05:17] EDIT shipra/controllers/default.py: 0
[2013-04-06 20:05:17] EDIT shipra/controllers/default.py: 0
[2013-04-06 20:05:17] EDIT shipra/controllers/default.py: 0
[2013-04-06 20:05:35] EDIT shipra/controllers/default.py: 0
[2013-04-06 20:06:49] EDIT shipra/controllers/default.py: 0
[2013-04-06 20:06:50] EDIT shipra/controllers/default.py: 0
[2013-04-06 20:11:35] EDIT shipra/controllers/default.py: 0
[2013-04-06 20:12:09] EDIT shipra/controllers/default.py: 0
[2013-04-06 20:12:10] EDIT shipra/controllers/default.py: 0
[2013-04-06 20:12:11] EDIT shipra/controllers/default.py: 0
[2013-04-06 20:12:11] EDIT shipra/controllers/default.py: 0
[2013-04-06 20:12:11] EDIT shipra/controllers/default.py: 0
[2013-04-06 20:12:12] EDIT shipra/controllers/default.py: 0
[2013-04-06 20:12:12] EDIT shipra/controllers/default.py: 0
[2013-04-06 20:14:08] EDIT shipra/controllers/default.py: 0
[2013-04-06 20:14:30] EDIT shipra/controllers/default.py: 0
[2013-04-06 20:14:32] EDIT shipra/controllers/default.py: 0
[2013-04-06 20:14:33] EDIT shipra/controllers/default.py: 0
[2013-04-06 20:15:50] EDIT shipra/controllers/default.py: 0
[2013-04-06 20:16:06] EDIT shipra/controllers/default.py: 0
[2013-04-06 20:16:52] EDIT shipra/controllers/default.py: 0
[2013-04-06 20:16:53] EDIT shipra/controllers/default.py: 0
[2013-04-06 20:16:53] EDIT shipra/controllers/default.py: 0
[2013-04-13 02:21:18] EDIT shipra/views/default/prin.html: 0
[2013-04-13 02:22:01] EDIT shipra/views/default/create.html: 0
[2013-04-13 02:24:16] EDIT shipra/controllers/default.py: 0
[2013-04-13 02:25:08] EDIT shipra/views/default/index.html: -1
[2013-04-13 02:25:12] EDIT shipra/views/default/index.html: 0
[2013-04-13 02:28:34] EDIT shipra/controllers/default.py: 0
[2013-04-13 02:29:51] EDIT shipra/views/default/template_0.html: 0
[2013-04-13 02:30:50] EDIT shipra/views/default/template_0.html: 0
[2013-04-13 02:31:58] EDIT shipra/views/default/template_0.html: 0
[2013-04-13 02:32:19] EDIT shipra/views/default/template_0.html: 0
[2013-04-13 02:32:45] EDIT shipra/views/default/template_0.html: 0
[2013-04-13 02:32:46] EDIT shipra/views/default/template_0.html: 0
[2013-04-13 02:33:24] EDIT shipra/views/default/template_0.html: 0
[2013-04-13 02:33:35] EDIT shipra/views/default/template_0.html: 0
[2013-04-13 02:34:29] EDIT shipra/views/default/template_0.html: 0
[2013-04-13 02:34:50] EDIT shipra/views/default/template_0.html: 0
[2013-04-13 02:38:38] EDIT shipra/views/default/template_0.html: -3
[2013-04-13 02:39:41] EDIT shipra/views/default/template_0.html: 0
[2013-04-13 02:40:02] EDIT shipra/views/default/template_0.html: 0
[2013-04-13 02:46:00] EDIT shipra/controllers/default.py: 24
[2013-04-13 02:46:08] EDIT shipra/controllers/default.py: 0
[2013-04-13 02:46:20] EDIT shipra/controllers/default.py: 0
[2013-04-13 02:46:27] EDIT shipra/controllers/default.py: 0
[2013-04-13 02:46:36] EDIT shipra/controllers/default.py: -8
[2013-04-13 02:46:43] EDIT shipra/controllers/default.py: -8
[2013-04-13 02:46:52] EDIT shipra/controllers/default.py: 8
[2013-04-13 02:46:54] EDIT shipra/controllers/default.py: 0
[2013-04-13 02:46:54] EDIT shipra/controllers/default.py: 0
[2013-04-13 02:47:01] EDIT shipra/controllers/default.py: 8
[2013-04-13 02:51:21] EDIT shipra/views/default/template_0.html: 0
[2013-04-13 02:52:15] EDIT shipra/views/default/template_1.html: 0
[2013-04-13 02:52:28] EDIT shipra/views/default/template_1.html: 0
[2013-04-13 02:52:35] EDIT shipra/views/default/template_1.html: 0
[2013-04-13 02:52:46] EDIT shipra/views/default/template_1.html: 0
[2013-04-13 02:52:56] EDIT shipra/views/default/template_1.html: 0
[2013-04-13 02:53:05] EDIT shipra/views/default/template_1.html: 0
[2013-04-13 02:53:23] EDIT shipra/views/default/template_1.html: 0
[2013-04-13 02:53:29] EDIT shipra/views/default/template_1.html: 0
[2013-04-13 02:53:35] EDIT shipra/views/default/template_1.html: 0
[2013-04-13 02:53:42] EDIT shipra/views/default/template_1.html: 0
[2013-04-13 02:56:18] EDIT shipra/views/default/template_1.html: -1
[2013-04-13 02:58:03] EDIT shipra/views/default/template_1.html: 0
[2013-04-13 03:14:47] EDIT shipra/controllers/default.py: 2
[2013-04-13 07:09:00] EDIT shipra/models/db.py: 3
[2013-04-13 07:20:46] EDIT shipra/controllers/default.py: 8
[2013-04-13 07:22:46] EDIT shipra/controllers/default.py: 1
[2013-04-13 07:23:37] EDIT shipra/controllers/default.py: 1
